\BOOKMARK [1][-]{Doc-Start}{\376\377\000A\000b\000s\000t\000r\000a\000c\000t}{}% 1
\BOOKMARK [1][-]{Doc-Start}{\376\377\315\010\270\135}{}% 2
\BOOKMARK [1][-]{Doc-Start}{\376\377\000C\000o\000n\000t\000e\000n\000t\000s}{}% 3
\BOOKMARK [1][-]{section*.1}{\376\377\000L\000i\000s\000t\000\040\000o\000f\000\040\000T\000a\000b\000l\000e\000s}{}% 4
\BOOKMARK [1][-]{section*.2}{\376\377\000L\000i\000s\000t\000\040\000o\000f\000\040\000F\000i\000g\000u\000r\000e\000s}{}% 5
\BOOKMARK [1][-]{section.1}{\376\377\301\034\270\140}{}% 6
\BOOKMARK [2][-]{subsection.1.1}{\376\377\305\360\255\154\307\130\000\040\325\104\306\224\301\061\000\040\274\017\000\040\272\251\310\001}{section.1}% 7
\BOOKMARK [2][-]{subsection.1.2}{\376\377\307\164\270\140\310\001\000\040\274\060\254\275}{section.1}% 8
\BOOKMARK [3][-]{subsubsection.1.2.1}{\376\377\256\060\300\301\000\040\307\004\301\061}{subsection.1.2}% 9
\BOOKMARK [3][-]{subsubsection.1.2.2}{\376\377\000N\000O\000A\000A\000\040\307\004\301\061}{subsection.1.2}% 10
\BOOKMARK [3][-]{subsubsection.1.2.3}{\376\377\000T\000e\000r\000r\000a\000/\000A\000q\000u\000a\000\040\307\004\301\061}{subsection.1.2}% 11
\BOOKMARK [3][-]{subsubsection.1.2.4}{\376\377\307\170\254\365\307\004\301\061\000\040\307\220\270\314}{subsection.1.2}% 12
\BOOKMARK [3][-]{subsubsection.1.2.5}{\376\377\000S\000S\000T\000\040\300\260\315\234\000\040\305\114\254\340\271\254\311\230}{subsection.1.2}% 13
\BOOKMARK [1][-]{section.2}{\376\377\305\360\255\154\000\040\274\051\274\225\000\040\274\017\000\040\254\374\310\025}{}% 14
\BOOKMARK [2][-]{subsection.2.1}{\376\377\263\160\307\164\321\060\000\040\323\014\305\105}{section.2}% 15
\BOOKMARK [2][-]{subsection.2.2}{\376\377\305\360\255\154\305\320\000\040\300\254\306\251\325\134\000\040\263\160\307\164\321\060}{section.2}% 16
\BOOKMARK [2][-]{subsection.2.3}{\376\377\307\220\270\314\000\040\314\230\271\254}{section.2}% 17
\BOOKMARK [2][-]{subsection.2.4}{\376\377\325\164\305\355\307\130\000\040\255\154\275\204}{section.2}% 18
\BOOKMARK [1][-]{section.3}{\376\377\305\360\255\154\000\040\254\260\254\374}{}% 19
\BOOKMARK [2][-]{subsection.3.1}{\376\377\307\220\270\314\000\040\314\230\271\254}{section.3}% 20
\BOOKMARK [3][-]{subsubsection.3.1.1}{\376\377\000S\000S\000T\271\174\000\040\327\210\302\244\321\240\255\370\267\250}{subsection.3.1}% 21
\BOOKMARK [3][-]{subsubsection.3.1.2}{\376\377\000S\000S\000T\271\174\000\040\311\300\263\304\305\320\000\040\324\134\315\234}{subsection.3.1}% 22
\BOOKMARK [2][-]{subsection.3.2}{\376\377\270\010\274\250\0003\000\040\307\220\270\314\000\040\300\260\315\234}{section.3}% 23
\BOOKMARK [3][-]{subsubsection.3.2.1}{\376\377\307\174\323\311\255\340\254\022\000\040\300\260\315\234}{subsection.3.2}% 24
\BOOKMARK [3][-]{subsubsection.3.2.2}{\376\377\310\374\323\311\255\340\254\022\000\040\300\260\315\234}{subsection.3.2}% 25
\BOOKMARK [3][-]{subsubsection.3.2.3}{\376\377\306\324\323\311\255\340\254\022\000\040\300\260\315\234}{subsection.3.2}% 26
\BOOKMARK [3][-]{subsubsection.3.2.4}{\376\377\325\164\302\030\272\164\000\040\306\050\263\304\000\040\274\300\263\331}{subsection.3.2}% 27
\BOOKMARK [1][-]{section.4}{\376\377\254\260\270\140}{}% 28
\BOOKMARK [1][-]{section.5}{\376\377\275\200\270\135}{}% 29
\BOOKMARK [2][-]{subsection.5.1}{\376\377\000M\000O\000D\000I\000S\000\137\000h\000d\000f\000\137\000u\000t\000i\000l\000i\000t\000i\000e\000s\000.\000p\000y}{section.5}% 30
\BOOKMARK [2][-]{subsection.5.2}{\376\377\0001\000.\000d\000a\000i\000l\000y\000\137\000c\000l\000a\000s\000s\000i\000f\000y\000\137\000u\000s\000i\000n\000g\000\137\000A\000V\000H\000R\000R\000\137\000a\000s\000c\000\137\000S\000S\000T\000.\000p\000y}{section.5}% 31
\BOOKMARK [2][-]{subsection.5.3}{\376\377\0002\000.\000s\000t\000a\000t\000i\000s\000t\000i\000c\000s\000\137\000A\000V\000H\000R\000R\000\137\000a\000s\000c\000\137\000S\000S\000T\000\137\000a\000l\000l\000d\000a\000t\000a\000\137\000a\000n\000d\000\137\000c\000r\000e\000a\000t\000i\000n\000g\000\137\000N\000C\000f\000i\000l\000e\000.\000p\000y}{section.5}% 32
\BOOKMARK [2][-]{subsection.5.4}{\376\377\0004\000.\000d\000r\000a\000w\000\137\000H\000I\000S\000T\000\137\000a\000n\000d\000\137\000M\000A\000P\000\137\000s\000t\000a\000t\000i\000s\000t\000i\000c\000s\000\137\000A\000V\000H\000R\000R\000\137\000a\000s\000c\000\137\000S\000S\000T\000\137\000N\000C\000f\000i\000l\000e\000.\000p\000y}{section.5}% 33
\BOOKMARK [1][-]{lstnumber.-4.98}{\376\377\000R\000e\000f\000e\000r\000e\000n\000c\000e\000s}{}% 34
